<?xml version="1.0" encoding="UTF-8"?>
<!-- Generated by org.testng.reporters.JUnitReportReporter -->
<testsuite hostname="DESKTOP-2A6JV2R" name="tests.test23232" tests="2" failures="0" timestamp="31 Dec 2017 15:48:07 GMT" time="0.011" errors="0">
  <testcase name="myTest" time="0.003" classname="tests.test23232"/>
  <testcase name="myTest" time="0.008" classname="tests.test23232"/>
</testsuite> <!-- tests.test23232 -->
