<?xml version="1.0" encoding="UTF-8"?>
<!-- Generated by org.testng.reporters.JUnitReportReporter -->
<testsuite hostname="DESKTOP-2A6JV2R" name="tests.readFeomXL" tests="1" failures="0" timestamp="17 Dec 2017 18:11:13 GMT" time="8.414" errors="0">
  <testcase name="readFromXL" time="8.414" classname="tests.readFeomXL"/>
</testsuite> <!-- tests.readFeomXL -->
