<?xml version="1.0" encoding="UTF-8"?>
<!-- Generated by org.testng.reporters.JUnitReportReporter -->
<testsuite hostname="DESKTOP-2A6JV2R" name="tests.learnLog4j" tests="2" failures="0" timestamp="31 Dec 2017 15:48:07 GMT" time="30.266" errors="0">
  <testcase name="fbRadioButtonTest" time="0.131" classname="tests.learnLog4j"/>
  <testcase name="fbFirstNameBoxTest" time="30.135" classname="tests.learnLog4j"/>
</testsuite> <!-- tests.learnLog4j -->
