<?xml version="1.0" encoding="UTF-8"?>
<!-- Generated by org.testng.reporters.JUnitReportReporter -->
<testsuite hostname="DESKTOP-2A6JV2R" name="tests.groupTest" tests="1" failures="0" timestamp="31 Dec 2017 16:01:39 GMT" time="0.020" errors="0">
  <testcase name="mustRun" time="0.020" classname="tests.groupTest"/>
</testsuite> <!-- tests.groupTest -->
