<?xml version="1.0" encoding="UTF-8"?>
<!-- Generated by org.testng.reporters.JUnitReportReporter -->
<testsuite hostname="DESKTOP-2A6JV2R" name="tests.ReadWriteUsingXL" tests="2" failures="0" timestamp="7 Jan 2018 15:39:07 GMT" time="0.811" errors="0">
  <testcase name="readFromXl" time="0.455" classname="tests.ReadWriteUsingXL"/>
  <testcase name="writeIntoXl" time="0.356" classname="tests.ReadWriteUsingXL"/>
</testsuite> <!-- tests.ReadWriteUsingXL -->
