<?xml version="1.0" encoding="UTF-8"?>
<!-- Generated by org.testng.reporters.JUnitReportReporter -->
<testsuite hostname="DESKTOP-2A6JV2R" name="tests.dataProviderTest" tests="6" failures="0" timestamp="24 Dec 2017 17:17:54 GMT" time="0.023" errors="0">
  <testcase name="testDataProvider" time="0.002" classname="tests.dataProviderTest"/>
  <testcase name="testDataProvider" time="0.009" classname="tests.dataProviderTest"/>
  <testcase name="testDataProvider" time="0.003" classname="tests.dataProviderTest"/>
  <testcase name="testDataProvider" time="0.002" classname="tests.dataProviderTest"/>
  <testcase name="testDataProvider" time="0.005" classname="tests.dataProviderTest"/>
  <testcase name="testDataProvider" time="0.002" classname="tests.dataProviderTest"/>
</testsuite> <!-- tests.dataProviderTest -->
